2025-04-21 15:35:07,691 - ERROR - SolidWorks dosya parsing hatas\u0131: [Errno 22] Invalid argument
2025-04-21 15:35:07,755 - ERROR - SolidWorks dosya parsing hatas\u0131: [Errno 22] Invalid argument
2025-04-21 15:35:07,810 - ERROR - SolidWorks dosya parsing hatas\u0131: [Errno 22] Invalid argument
2025-04-21 15:35:07,846 - ERROR - SolidWorks dosya parsing hatas\u0131: [Errno 22] Invalid argument
2025-04-21 15:35:07,864 - ERROR - SolidWorks dosya parsing hatas\u0131: [Errno 22] Invalid argument
2025-04-21 15:35:07,865 - ERROR - SolidWorks dosya parsing hatas\u0131: [Errno 22] Invalid argument
2025-04-21 15:37:47,153 - ERROR - SolidWorks dosya parsing hatas\u0131: [Errno 22] Invalid argument
2025-04-21 15:37:47,216 - ERROR - SolidWorks dosya parsing hatas\u0131: [Errno 22] Invalid argument
2025-04-21 15:37:47,273 - ERROR - SolidWorks dosya parsing hatas\u0131: [Errno 22] Invalid argument
2025-04-21 15:37:47,309 - ERROR - SolidWorks dosya parsing hatas\u0131: [Errno 22] Invalid argument
2025-04-21 15:37:47,327 - ERROR - SolidWorks dosya parsing hatas\u0131: [Errno 22] Invalid argument
2025-04-21 15:37:47,329 - ERROR - SolidWorks dosya parsing hatas\u0131: [Errno 22] Invalid argument
2025-04-21 15:42:55,211 - ERROR - Kapatma hatas\u0131: can't delete Tcl command
2025-04-21 15:43:45,341 - ERROR - Kapatma hatas\u0131: can't delete Tcl command
2025-04-21 15:46:58,464 - ERROR - SolidWorks dosya parsing hatas\u0131: [Errno 22] Invalid argument
2025-04-21 15:46:58,530 - ERROR - SolidWorks dosya parsing hatas\u0131: [Errno 22] Invalid argument
2025-04-21 15:46:58,587 - ERROR - SolidWorks dosya parsing hatas\u0131: [Errno 22] Invalid argument
2025-04-21 15:46:58,618 - ERROR - SolidWorks dosya parsing hatas\u0131: [Errno 22] Invalid argument
2025-04-21 15:46:58,635 - ERROR - SolidWorks dosya parsing hatas\u0131: [Errno 22] Invalid argument
2025-04-21 15:46:58,636 - ERROR - SolidWorks dosya parsing hatas\u0131: [Errno 22] Invalid argument
2025-04-21 15:47:38,842 - ERROR - Kapatma hatas\u0131: can't delete Tcl command
2025-04-21 15:50:39,985 - ERROR - SolidWorks dosya parsing hatas\u0131: [Errno 22] Invalid argument
2025-04-21 15:50:39,993 - ERROR - SolidWorks dosya parsing hatas\u0131: [Errno 22] Invalid argument
2025-04-21 15:50:40,000 - ERROR - SolidWorks dosya parsing hatas\u0131: [Errno 22] Invalid argument
2025-04-21 15:50:40,005 - ERROR - SolidWorks dosya parsing hatas\u0131: [Errno 22] Invalid argument
2025-04-21 15:50:40,007 - ERROR - SolidWorks dosya parsing hatas\u0131: [Errno 22] Invalid argument
2025-04-21 15:50:40,008 - ERROR - SolidWorks dosya parsing hatas\u0131: [Errno 22] Invalid argument
2025-04-21 15:55:15,254 - ERROR - Kapatma hatas\u0131: can't delete Tcl command
2025-04-21 15:56:38,171 - ERROR - Kapatma hatas\u0131: can't delete Tcl command
2025-04-21 15:58:58,729 - ERROR - Kapatma hatas\u0131: can't delete Tcl command
2025-04-21 16:13:11,118 - ERROR - SolidWorks dosya parsing hatas\u0131: [Errno 22] Invalid argument
2025-04-21 16:13:11,634 - ERROR - SolidWorks dosya parsing hatas\u0131: [Errno 22] Invalid argument
2025-04-21 16:13:11,996 - ERROR - SolidWorks dosya parsing hatas\u0131: [Errno 22] Invalid argument
2025-04-21 16:13:12,234 - ERROR - SolidWorks dosya parsing hatas\u0131: [Errno 22] Invalid argument
2025-04-21 16:13:12,384 - ERROR - SolidWorks dosya parsing hatas\u0131: [Errno 22] Invalid argument
2025-04-21 16:13:12,400 - ERROR - SolidWorks dosya parsing hatas\u0131: [Errno 22] Invalid argument
2025-04-21 16:13:34,112 - ERROR - Kapatma hatas\u0131: can't delete Tcl command
2025-04-21 16:13:59,392 - ERROR - SolidWorks dosya parsing hatas\u0131: [Errno 22] Invalid argument
2025-04-21 16:13:59,877 - ERROR - SolidWorks dosya parsing hatas\u0131: [Errno 22] Invalid argument
2025-04-21 16:14:00,241 - ERROR - SolidWorks dosya parsing hatas\u0131: [Errno 22] Invalid argument
2025-04-21 16:14:00,466 - ERROR - SolidWorks dosya parsing hatas\u0131: [Errno 22] Invalid argument
2025-04-21 16:14:00,607 - ERROR - SolidWorks dosya parsing hatas\u0131: [Errno 22] Invalid argument
2025-04-21 16:14:00,622 - ERROR - SolidWorks dosya parsing hatas\u0131: [Errno 22] Invalid argument
2025-04-21 16:14:10,207 - ERROR - Kapatma hatas\u0131: can't delete Tcl command
2025-04-21 16:26:28,717 - ERROR - SolidWorks dosya parsing hatas\u0131: [Errno 22] Invalid argument
2025-04-21 16:26:29,289 - ERROR - SolidWorks dosya parsing hatas\u0131: [Errno 22] Invalid argument
2025-04-21 16:26:29,680 - ERROR - SolidWorks dosya parsing hatas\u0131: [Errno 22] Invalid argument
2025-04-21 16:26:29,937 - ERROR - SolidWorks dosya parsing hatas\u0131: [Errno 22] Invalid argument
2025-04-21 16:26:30,108 - ERROR - SolidWorks dosya parsing hatas\u0131: [Errno 22] Invalid argument
2025-04-21 16:26:30,128 - ERROR - SolidWorks dosya parsing hatas\u0131: [Errno 22] Invalid argument
2025-04-21 16:27:04,386 - ERROR - Kapatma hatas\u0131: can't delete Tcl command
2025-04-21 16:35:02,519 - ERROR - SolidWorks dosya parsing hatas\u0131: [Errno 22] Invalid argument
2025-04-21 16:35:03,077 - ERROR - SolidWorks dosya parsing hatas\u0131: [Errno 22] Invalid argument
2025-04-21 16:35:03,486 - ERROR - SolidWorks dosya parsing hatas\u0131: [Errno 22] Invalid argument
2025-04-21 16:35:03,759 - ERROR - SolidWorks dosya parsing hatas\u0131: [Errno 22] Invalid argument
2025-04-21 16:35:03,931 - ERROR - SolidWorks dosya parsing hatas\u0131: [Errno 22] Invalid argument
2025-04-21 16:35:03,950 - ERROR - SolidWorks dosya parsing hatas\u0131: [Errno 22] Invalid argument
2025-04-21 16:35:26,903 - ERROR - Kapatma hatas\u0131: can't delete Tcl command
2025-04-21 16:41:38,884 - ERROR - SolidWorks dosya parsing hatas\u0131: [Errno 22] Invalid argument
2025-04-21 16:41:39,426 - ERROR - SolidWorks dosya parsing hatas\u0131: [Errno 22] Invalid argument
2025-04-21 16:41:39,807 - ERROR - SolidWorks dosya parsing hatas\u0131: [Errno 22] Invalid argument
2025-04-21 16:41:40,069 - ERROR - SolidWorks dosya parsing hatas\u0131: [Errno 22] Invalid argument
2025-04-21 16:41:40,224 - ERROR - SolidWorks dosya parsing hatas\u0131: [Errno 22] Invalid argument
2025-04-21 16:41:40,243 - ERROR - SolidWorks dosya parsing hatas\u0131: [Errno 22] Invalid argument
2025-04-21 16:43:57,234 - ERROR - Kapatma hatas\u0131: can't delete Tcl command
2025-04-21 16:49:35,979 - ERROR - SolidWorks dosya parsing hatas\u0131: [Errno 22] Invalid argument
2025-04-21 16:49:36,566 - ERROR - SolidWorks dosya parsing hatas\u0131: [Errno 22] Invalid argument
2025-04-21 16:49:36,970 - ERROR - SolidWorks dosya parsing hatas\u0131: [Errno 22] Invalid argument
2025-04-21 16:49:37,239 - ERROR - SolidWorks dosya parsing hatas\u0131: [Errno 22] Invalid argument
2025-04-21 16:49:37,408 - ERROR - SolidWorks dosya parsing hatas\u0131: [Errno 22] Invalid argument
2025-04-21 16:49:37,427 - ERROR - SolidWorks dosya parsing hatas\u0131: [Errno 22] Invalid argument
2025-04-21 16:50:09,024 - ERROR - Kapatma hatas\u0131: can't delete Tcl command
2025-04-21 16:57:02,251 - ERROR - SolidWorks dosya parsing hatas\u0131: [Errno 22] Invalid argument
2025-04-21 16:57:02,823 - ERROR - SolidWorks dosya parsing hatas\u0131: [Errno 22] Invalid argument
2025-04-21 16:57:03,238 - ERROR - SolidWorks dosya parsing hatas\u0131: [Errno 22] Invalid argument
2025-04-21 16:57:03,520 - ERROR - SolidWorks dosya parsing hatas\u0131: [Errno 22] Invalid argument
2025-04-21 16:57:03,687 - ERROR - SolidWorks dosya parsing hatas\u0131: [Errno 22] Invalid argument
2025-04-21 16:57:03,707 - ERROR - SolidWorks dosya parsing hatas\u0131: [Errno 22] Invalid argument
2025-04-21 16:57:17,097 - ERROR - Kapatma hatas\u0131: can't delete Tcl command
2025-04-21 17:01:33,267 - ERROR - SolidWorks dosya parsing hatas\u0131: [Errno 22] Invalid argument
2025-04-21 17:01:33,836 - ERROR - SolidWorks dosya parsing hatas\u0131: [Errno 22] Invalid argument
2025-04-21 17:01:34,239 - ERROR - SolidWorks dosya parsing hatas\u0131: [Errno 22] Invalid argument
2025-04-21 17:01:34,508 - ERROR - SolidWorks dosya parsing hatas\u0131: [Errno 22] Invalid argument
2025-04-21 17:01:34,670 - ERROR - SolidWorks dosya parsing hatas\u0131: [Errno 22] Invalid argument
2025-04-21 17:01:34,689 - ERROR - SolidWorks dosya parsing hatas\u0131: [Errno 22] Invalid argument
2025-04-21 17:02:22,081 - ERROR - Kapatma hatas\u0131: can't delete Tcl command
<<<<<<< HEAD
2025-04-21 17:10:01,761 - ERROR - Kapatma hatas\u0131: can't delete Tcl command
=======
>>>>>>> e3ab479a2b4a85c313b2d1595ceb0c7337ed7713
2025-04-21 17:27:00,817 - ERROR - Dosya yap\u0131s\u0131 kar\u015f\u0131la\u015ft\u0131rma hatas\u0131: [Errno 22] Invalid argument
2025-04-21 17:28:19,901 - ERROR - Dosya yap\u0131s\u0131 kar\u015f\u0131la\u015ft\u0131rma hatas\u0131: [Errno 22] Invalid argument
2025-04-21 17:29:37,387 - ERROR - Dosya yap\u0131s\u0131 kar\u015f\u0131la\u015ft\u0131rma hatas\u0131: [Errno 22] Invalid argument
2025-04-21 17:30:25,614 - ERROR - Dosya yap\u0131s\u0131 kar\u015f\u0131la\u015ft\u0131rma hatas\u0131: [Errno 22] Invalid argument
2025-04-21 17:30:44,689 - ERROR - Dosya yap\u0131s\u0131 kar\u015f\u0131la\u015ft\u0131rma hatas\u0131: [Errno 22] Invalid argument
2025-04-21 17:30:44,708 - ERROR - Dosya yap\u0131s\u0131 kar\u015f\u0131la\u015ft\u0131rma hatas\u0131: [Errno 22] Invalid argument
2025-04-22 08:55:18,486 - ERROR - Kapatma hatas\u0131: can't delete Tcl command
2025-04-22 08:56:49,022 - ERROR - Dosya yap\u0131s\u0131 kar\u015f\u0131la\u015ft\u0131rma hatas\u0131: [Errno 22] Invalid argument
2025-04-22 08:58:27,373 - ERROR - Dosya yap\u0131s\u0131 kar\u015f\u0131la\u015ft\u0131rma hatas\u0131: [Errno 22] Invalid argument
2025-04-22 09:00:03,500 - ERROR - Dosya yap\u0131s\u0131 kar\u015f\u0131la\u015ft\u0131rma hatas\u0131: [Errno 22] Invalid argument
2025-04-22 09:01:09,427 - ERROR - Dosya yap\u0131s\u0131 kar\u015f\u0131la\u015ft\u0131rma hatas\u0131: [Errno 22] Invalid argument
2025-04-22 09:01:35,055 - ERROR - Dosya yap\u0131s\u0131 kar\u015f\u0131la\u015ft\u0131rma hatas\u0131: [Errno 22] Invalid argument
2025-04-22 09:01:35,074 - ERROR - Dosya yap\u0131s\u0131 kar\u015f\u0131la\u015ft\u0131rma hatas\u0131: [Errno 22] Invalid argument
2025-04-22 09:10:43,528 - ERROR - Kapatma hatas\u0131: can't delete Tcl command
2025-04-22 09:30:55,358 - ERROR - Dosya yap\u0131s\u0131 kar\u015f\u0131la\u015ft\u0131rma hatas\u0131: [Errno 22] Invalid argument
2025-04-22 09:32:17,947 - ERROR - Dosya yap\u0131s\u0131 kar\u015f\u0131la\u015ft\u0131rma hatas\u0131: [Errno 22] Invalid argument
2025-04-22 09:33:38,031 - ERROR - Dosya yap\u0131s\u0131 kar\u015f\u0131la\u015ft\u0131rma hatas\u0131: [Errno 22] Invalid argument
2025-04-22 09:34:27,353 - ERROR - Dosya yap\u0131s\u0131 kar\u015f\u0131la\u015ft\u0131rma hatas\u0131: [Errno 22] Invalid argument
2025-04-22 09:34:47,346 - ERROR - Dosya yap\u0131s\u0131 kar\u015f\u0131la\u015ft\u0131rma hatas\u0131: [Errno 22] Invalid argument
2025-04-22 09:34:47,366 - ERROR - Dosya yap\u0131s\u0131 kar\u015f\u0131la\u015ft\u0131rma hatas\u0131: [Errno 22] Invalid argument
2025-04-22 09:35:05,344 - ERROR - Kapatma hatas\u0131: can't delete Tcl command
2025-04-22 09:43:02,605 - ERROR - Dosya yap\u0131s\u0131 kar\u015f\u0131la\u015ft\u0131rma hatas\u0131: [Errno 22] Invalid argument
2025-04-22 09:44:19,437 - ERROR - Dosya yap\u0131s\u0131 kar\u015f\u0131la\u015ft\u0131rma hatas\u0131: [Errno 22] Invalid argument
2025-04-22 09:45:34,543 - ERROR - Dosya yap\u0131s\u0131 kar\u015f\u0131la\u015ft\u0131rma hatas\u0131: [Errno 22] Invalid argument
2025-04-22 09:46:21,977 - ERROR - Dosya yap\u0131s\u0131 kar\u015f\u0131la\u015ft\u0131rma hatas\u0131: [Errno 22] Invalid argument
2025-04-22 09:46:40,749 - ERROR - Dosya yap\u0131s\u0131 kar\u015f\u0131la\u015ft\u0131rma hatas\u0131: [Errno 22] Invalid argument
2025-04-22 09:46:40,767 - ERROR - Dosya yap\u0131s\u0131 kar\u015f\u0131la\u015ft\u0131rma hatas\u0131: [Errno 22] Invalid argument
2025-04-22 13:22:50,533 - ERROR - Kapatma hatas\u0131: can't delete Tcl command
